[pine-machinery.com/index.html]
[backblue.gif]
[fade.gif]
[index.html]
[pine-machinery.com/css/bootstrap.css]
[pine-machinery.com/style.css]
[pine-machinery.com/css/swiper.css]
[pine-machinery.com/demos/construction/construction.css]
[pine-machinery.com/css/dark.css]
[pine-machinery.com/css/font-icons.css]
[pine-machinery.com/css/animate.css]
[pine-machinery.com/css/magnific-popup.css]
[pine-machinery.com/demos/construction/css/fonts.css]
[pine-machinery.com/css/custom.css]
[pine-machinery.com/css/colors6bbb.css]
[pine-machinery.com/images/favicon.png]
[pine-machinery.com/index-2.html]
[pine-machinery.com/demos/construction/images/logo.png]
[pine-machinery.com/demos/construction/images/logo@2x.png]
[pine-machinery.com/cdn-cgi/l/email-protection.html]
[pine-machinery.com/demo-construction-what-we-do.html]
[pine-machinery.com/demo-construction-about-us.html]
[pine-machinery.com/demo-construction-partners.html]
[pine-machinery.com/demo-construction-careers.html]
[pine-machinery.com/demo-construction-contact.html]
[pine-machinery.com/demos/construction/images/slider/2.jpg]
[pine-machinery.com/demos/construction/images/videos/1.jpg]
[pine-machinery.com/demos/construction/images/videos/1.webm]
[pine-machinery.com/demos/construction/images/videos/1.mp4]
[pine-machinery.com/demos/construction/images/slider/1.jpg]
[pine-machinery.com/demos/construction/images/services/1.jpg]
[pine-machinery.com/demos/construction/images/services/2.jpg]
[pine-machinery.com/demos/construction/images/services/5.jpg]
[pine-machinery.com/demos/construction/images/icons/building.png]
[pine-machinery.com/demos/construction/images/icons/bank.png]
[pine-machinery.com/demos/construction/images/icons/workers.png]
[pine-machinery.com/demos/construction/images/icons/paper-money.png]
[pine-machinery.com/demos/construction/images/icons/traffic-cone.png]
[pine-machinery.com/demos/construction/images/icons/cargo-ship.png]
[pine-machinery.com/demos/construction/images/projects/1.jpg]
[pine-machinery.com/demos/construction/images/projects/2.jpg]
[pine-machinery.com/demos/construction/images/projects/3.jpg]
[pine-machinery.com/demos/construction/images/projects/4.jpg]
[pine-machinery.com/demos/construction/images/projects/5.jpg]
[pine-machinery.com/demos/construction/images/projects/6.jpg]
[pine-machinery.com/demos/construction/images/projects/7.jpg]
[pine-machinery.com/demos/construction/images/projects/8.jpg]
[pine-machinery.com/demos/construction/images/services/bottom-trust.jpg]
[pine-machinery.com/images/footer-widget-logo.png]
[pine-machinery.com/cdn-cgi/scripts/5c5dd728/cloudflare-static/email-decode.min.js]
[translate.google.com/translate_a/elementa0d8.js]
[pine-machinery.com/js/jquery.js]
[pine-machinery.com/js/plugins.min.js]
[pine-machinery.com/js/functions.js]
[pine-machinery.com/index.html]
[pine-machinery.com/css/bootstrap.css]
[pine-machinery.com/images/icons/close.png]
[pine-machinery.com/images/grid.png]
[pine-machinery.com/images/pattern.png]
[pine-machinery.com/images/parallax/parallax-bg.jpg]
[pine-machinery.com/images/icons/iconalt.svg]
[pine-machinery.com/images/icons/play.png]
[pine-machinery.com/style.css]
[pine-machinery.com/css/swiper.css]
[pine-machinery.com/demos/construction/construction.css]
[pine-machinery.com/css/dark.css]
[pine-machinery.com/css/fonts/font-icons.woff2]
[pine-machinery.com/css/fonts/lined-icons.woff2]
[pine-machinery.com/css/fonts/Simple-Line-Icons.woff2]
[pine-machinery.com/css/font-icons.css]
[pine-machinery.com/css/animate.css]
[pine-machinery.com/images/preloader-dark.gif]
[pine-machinery.com/css/magnific-popup.css]
[pine-machinery.com/demos/construction/css/fonts.css]
[pine-machinery.com/css/custom.css]
[pine-machinery.com/css/colors6bbb.css]
[pine-machinery.com/index-2.html]
[pine-machinery.com/cdn-cgi/l/email-protection.html]
[pine-machinery.com/demos/construction/images/slider/4.jpg]
[pine-machinery.com/demos/construction/images/services/4.jpg]
[pine-machinery.com/demos/construction/images/services/6.jpg]
[pine-machinery.com/demos/construction/images/services/3.jpg]
[pine-machinery.com/demo-construction-what-we-do.html]
[pine-machinery.com/demos/construction/images/slider/3.jpg]
[pine-machinery.com/demos/construction/images/gallery/thumbs/1.jpg]
[pine-machinery.com/demos/construction/images/gallery/1.jpg]
[pine-machinery.com/demos/construction/images/gallery/thumbs/2.jpg]
[pine-machinery.com/demos/construction/images/gallery/2.jpg]
[pine-machinery.com/demos/construction/images/gallery/thumbs/3.jpg]
[pine-machinery.com/demos/construction/images/gallery/3.jpg]
[pine-machinery.com/demos/construction/images/gallery/thumbs/4.jpg]
[pine-machinery.com/demos/construction/images/gallery/4.jpg]
[pine-machinery.com/demos/construction/images/gallery/thumbs/5.jpg]
[pine-machinery.com/demos/construction/images/gallery/5.jpg]
[pine-machinery.com/demos/construction/images/gallery/thumbs/6.jpg]
[pine-machinery.com/demos/construction/images/gallery/6.jpg]
[pine-machinery.com/demos/construction/images/gallery/thumbs/7.jpg]
[pine-machinery.com/demos/construction/images/gallery/7.jpg]
[pine-machinery.com/demos/construction/images/gallery/thumbs/8.jpg]
[pine-machinery.com/demos/construction/images/gallery/8.jpg]
[pine-machinery.com/demos/construction/images/gallery/thumbs/9.jpg]
[pine-machinery.com/demos/construction/images/gallery/9.jpg]
[pine-machinery.com/demos/construction/images/gallery/thumbs/10.jpg]
[pine-machinery.com/demos/construction/images/gallery/10.jpg]
[pine-machinery.com/demos/construction/images/gallery/thumbs/11.jpg]
[pine-machinery.com/demos/construction/images/gallery/11.jpg]
[pine-machinery.com/demos/construction/images/gallery/thumbs/12.jpg]
[pine-machinery.com/demos/construction/images/gallery/12.jpg]
[pine-machinery.com/demos/construction/images/services/parallax.jpg]
[pine-machinery.com/demos/construction/images/team/1.jpg]
[pine-machinery.com/demos/construction/images/team/2.jpg]
[pine-machinery.com/demos/construction/images/team/3.jpg]
[pine-machinery.com/demos/construction/images/team/4.jpg]
[pine-machinery.com/demos/construction/images/team/5.jpg]
[pine-machinery.com/demos/construction/images/team/6.jpg]
[pine-machinery.com/images/clients/1.jpg]
[pine-machinery.com/images/clients/2.jpg]
[pine-machinery.com/images/clients/3.jpg]
[pine-machinery.com/images/clients/4.jpg]
[pine-machinery.com/images/clients/5.jpg]
[pine-machinery.com/images/clients/6.jpg]
[pine-machinery.com/demo-construction-about-us.html]
[pine-machinery.com/demos/construction/images/clients/1.jpg]
[pine-machinery.com/demos/construction/images/clients/2.jpg]
[pine-machinery.com/demos/construction/images/clients/3.jpg]
[pine-machinery.com/demos/construction/images/clients/4.jpg]
[pine-machinery.com/demos/construction/images/clients/5.jpg]
[pine-machinery.com/demos/construction/images/clients/6.jpg]
[pine-machinery.com/demos/construction/images/clients/7.jpg]
[pine-machinery.com/demos/construction/images/clients/8.jpg]
[pine-machinery.com/demos/construction/images/clients/9.jpg]
[pine-machinery.com/demos/construction/images/clients/10.jpg]
[pine-machinery.com/demos/construction/images/clients/11.jpg]
[pine-machinery.com/demos/construction/images/clients/12.jpg]
[pine-machinery.com/demos/construction/images/clients/14.jpg]
[pine-machinery.com/demos/construction/images/clients/15.jpg]
[pine-machinery.com/demos/construction/images/clients/16.jpg]
[pine-machinery.com/demos/construction/images/clients/17.jpg]
[pine-machinery.com/demos/construction/images/clients/18.jpg]
[pine-machinery.com/demos/construction/images/clients/19.jpg]
[pine-machinery.com/demos/construction/images/clients/20.jpg]
[pine-machinery.com/demos/construction/images/clients/21.jpg]
[pine-machinery.com/demo-construction-partners.html]
[pine-machinery.com/demos/construction/css/font-icons.css]
[pine-machinery.com/one-page/css/et-line.css]
[pine-machinery.com/demo-construction-careers.html]
[pine-machinery.com/demo-construction-contact.html]
[pine-machinery.com/images/parallax/parallax-bg.html]
[pine-machinery.com/images/icons/iconalt.svg]
[pine-machinery.com/demos/construction/css/fonts/realestate20f7.eot]
[pine-machinery.com/demos/construction/css/fonts/realestate20f7.ttf]
[pine-machinery.com/demos/construction/css/fonts/realestate20f7.woff]
[pine-machinery.com/demos/construction/css/font-icons.css]
[pine-machinery.com/one-page/css/et-line.html]
[pine-machinery.com/demos/construction/css/fonts/realestate20f7.svg]
[pine-machinery.com/demos/construction/css/fonts/realestate20f7.svg]
